
SQL*Loader: Release 21.0.0.0.0 - Production on Mon Mar 7 22:29:11 2022
Version 21.5.0.0.0

Copyright (c) 1982, 2022, Oracle and/or its affiliates.  All rights reserved.

Control File:   [BD1]ArchivoControl.ctl
Character Set UTF8 specified for all input.

Data File:      BIG_SMOKE_DATA.csv
  Bad File:     ./BIG_SMOKE_DATA.bad
  Discard File:  none specified
 
 (Allow all discards)

Number to load: ALL
Number to skip: 1
Errors allowed: 50
Bind array:     250 rows, maximum of 1048576 bytes
Continuation:    none specified
Path used:      Conventional

Table TEMPORAL, loaded from every logical record.
Insert option in effect for this table: TRUNCATE
TRAILING NULLCOLS option in effect

   Column Name                  Position   Len  Term Encl Datatype
------------------------------ ---------- ----- ---- ---- ---------------------
NOMBRE_EMPLEADO                     FIRST     *   ;       CHARACTER            
    SQL string for column : "TRIM(:NOMBRE_EMPLEADO)"
APELLIDO_EMPLEADO                    NEXT     *   ;       CHARACTER            
    SQL string for column : "TRIM(:APELLIDO_EMPLEADO)"
DIRECCION_EMPLEADO                   NEXT     *   ;       CHARACTER            
    SQL string for column : "TRIM(:DIRECCION_EMPLEADO)"
TELEFONO_EMPLEADO                    NEXT     *   ;       CHARACTER            
    SQL string for column : "TRIM(:TELEFONO_EMPLEADO)"
GENERO_EMPLEADO                      NEXT     *   ;       CHARACTER            
    SQL string for column : "TRIM(:GENERO_EMPLEADO)"
FECHA_NACIMIENTO_EMPLEADO            NEXT     *   ;       CHARACTER            
    SQL string for column : "TO_DATE(:FECHA_NACIMIENTO_EMPLEADO , 'YYYY-MM-DD', 'NLS_DATE_LANGUAGE=ENGLISH')"
TITULO_DEL_EMPLEADO                  NEXT     *   ;       CHARACTER            
    SQL string for column : "TRIM(:TITULO_DEL_EMPLEADO)"
NOMBRE_PACIENTE                      NEXT     *   ;       CHARACTER            
    SQL string for column : "TRIM(:NOMBRE_PACIENTE)"
APELLIDO_PACIENTE                    NEXT     *   ;       CHARACTER            
    SQL string for column : "TRIM(:APELLIDO_PACIENTE)"
DIRECCION_PACIENTE                   NEXT     *   ;       CHARACTER            
    SQL string for column : "TRIM(:DIRECCION_PACIENTE)"
TELEFONO_PACIENTE                    NEXT     *   ;       CHARACTER            
    SQL string for column : "TRIM(:TELEFONO_PACIENTE)"
GENERO_PACIENTE                      NEXT     *   ;       CHARACTER            
    SQL string for column : "TRIM(:GENERO_PACIENTE)"
FECHA_NACIMIENTO_PACIENTE            NEXT     *   ;       CHARACTER            
    SQL string for column : "TO_DATE(:FECHA_NACIMIENTO_PACIENTE , 'YYYY-MM-DD', 'NLS_DATE_LANGUAGE=ENGLISH')"
ALTURA                               NEXT     *   ;       CHARACTER            
    SQL string for column : "TRIM(:ALTURA)"
PESO                                 NEXT     *   ;       CHARACTER            
    SQL string for column : "TRIM(:PESO)"
FECHA_EVALUACION                     NEXT     *   ;       CHARACTER            
    SQL string for column : "TO_DATE(:FECHA_EVALUACION , 'YYYY-MM-DD', 'NLS_DATE_LANGUAGE=ENGLISH')"
SINTOMA_DEL_PACIENTE                 NEXT     *   ;       CHARACTER            
    SQL string for column : "TRIM(:SINTOMA_DEL_PACIENTE)"
DIAGNOSTICO_DEL_SINTOMA              NEXT     *   ;       CHARACTER            
    SQL string for column : "TRIM(:DIAGNOSTICO_DEL_SINTOMA)"
RANGO_DEL_DIAGNOSTICO                NEXT     *   ;       CHARACTER            
    SQL string for column : "TRIM(:RANGO_DEL_DIAGNOSTICO)"
FECHA_TRATAMIENTO                    NEXT     *   ;       CHARACTER            
    SQL string for column : "TO_DATE(:FECHA_TRATAMIENTO , 'YYYY-MM-DD', 'NLS_DATE_LANGUAGE=ENGLISH')"
TRATAMIENTO_APLICADO                 NEXT     *   ;       CHARACTER            
    SQL string for column : "TRIM(:TRATAMIENTO_APLICADO)"

value used for ROWS parameter changed from 250 to 193

Table TEMPORAL:
  126333 Rows successfully loaded.
  0 Rows not loaded due to data errors.
  0 Rows not loaded because all WHEN clauses were failed.
  0 Rows not loaded because all fields were null.


Space allocated for bind array:                1045674 bytes(193 rows)
Read   buffer bytes: 1048576

Total logical records skipped:          1
Total logical records read:        126333
Total logical records rejected:         0
Total logical records discarded:        0

Run began on Mon Mar 07 22:29:11 2022
Run ended on Mon Mar 07 22:31:34 2022

Elapsed time was:     00:02:23.30
CPU time was:         00:00:02.30
